2021-02-16 13:32:42,228:INFO:PyCaret Supervised Module
2021-02-16 13:32:42,228:INFO:ML Usecase: classification
2021-02-16 13:32:42,229:INFO:version 2.2.3
2021-02-16 13:32:42,229:INFO:Initializing setup()
2021-02-16 13:32:42,229:INFO:setup(target=fraud_reported_1, ml_usecase=classification, available_plots={'parameter': 'Hyperparameters', 'auc': 'AUC', 'confusion_matrix': 'Confusion Matrix', 'threshold': 'Threshold', 'pr': 'Precision Recall', 'error': 'Prediction Error', 'class_report': 'Class Report', 'rfe': 'Feature Selection', 'learning': 'Learning Curve', 'manifold': 'Manifold Learning', 'calibration': 'Calibration Curve', 'vc': 'Validation Curve', 'dimension': 'Dimensions', 'feature': 'Feature Importance', 'feature_all': 'Feature Importance (All)', 'boundary': 'Decision Boundary', 'lift': 'Lift Chart', 'gain': 'Gain Chart', 'tree': 'Decision Tree'}, train_size=0.7, test_data=None, preprocess=True, imputation_type=simple, iterative_imputation_iters=5, categorical_features=None, categorical_imputation=constant, categorical_iterative_imputer=lightgbm, ordinal_features=None, high_cardinality_features=None, high_cardinality_method=frequency, numeric_features=None, numeric_imputation=mean, numeric_iterative_imputer=lightgbm, date_features=None, ignore_features=None, normalize=False, normalize_method=zscore, transformation=False, transformation_method=yeo-johnson, handle_unknown_categorical=True, unknown_categorical_method=least_frequent, pca=False, pca_method=linear, pca_components=None, ignore_low_variance=False, combine_rare_levels=False, rare_level_threshold=0.1, bin_numeric_features=None, remove_outliers=False, outliers_threshold=0.05, remove_multicollinearity=False, multicollinearity_threshold=0.9, remove_perfect_collinearity=True, create_clusters=False, cluster_iter=20, polynomial_features=False, polynomial_degree=2, trigonometry_features=False, polynomial_threshold=0.1, group_features=None, group_names=None, feature_selection=False, feature_selection_threshold=0.8, feature_selection_method=classic, feature_interaction=False, feature_ratio=False, interaction_threshold=0.01, fix_imbalance=False, fix_imbalance_method=None, transform_target=False, transform_target_method=box-cox, data_split_shuffle=True, data_split_stratify=False, fold_strategy=stratifiedkfold, fold=10, fold_shuffle=False, fold_groups=None, n_jobs=-1, use_gpu=False, custom_pipeline=None, html=True, session_id=786, log_experiment=False, experiment_name=None, log_plots=False, log_profile=False, log_data=False, silent=False, verbose=True, profile=False, profile_kwargs=None, display=None)
2021-02-16 13:32:42,230:INFO:Checking environment
2021-02-16 13:32:42,230:INFO:python_version: 3.7.4
2021-02-16 13:32:42,230:INFO:python_build: ('default', 'Aug  9 2019 18:34:13')
2021-02-16 13:32:42,230:INFO:machine: AMD64
2021-02-16 13:32:42,230:INFO:platform: Windows-10-10.0.19041-SP0
2021-02-16 13:32:42,230:INFO:Memory: svmem(total=8504934400, available=2130186240, percent=75.0, used=6374748160, free=2130186240)
2021-02-16 13:32:42,230:INFO:Physical Core: 2
2021-02-16 13:32:42,231:INFO:Logical Core: 4
2021-02-16 13:32:42,231:INFO:Checking libraries
2021-02-16 13:32:42,231:INFO:pd==0.25.3
2021-02-16 13:32:42,231:INFO:numpy==1.18.1
2021-02-16 13:32:42,231:INFO:sklearn==0.22.1
2021-02-16 13:32:42,231:INFO:xgboost==0.90
2021-02-16 13:32:42,231:INFO:lightgbm==3.1.1
2021-02-16 13:32:42,252:INFO:catboost==0.24.4
2021-02-16 13:32:43,667:INFO:mlflow==1.13.1
2021-02-16 13:32:43,668:INFO:Checking Exceptions
2021-02-16 13:32:43,668:INFO:Declaring global variables
2021-02-16 13:32:43,668:INFO:USI: 41a0
2021-02-16 13:32:43,668:INFO:pycaret_globals: {'_all_metrics', 'log_plots_param', 'imputation_regressor', 'html_param', 'n_jobs_param', 'fold_param', '_available_plots', 'exp_name_log', 'transform_target_method_param', 'fold_groups_param', 'fold_generator', 'data_before_preprocess', 'target_param', 'master_model_container', 'X_train', 'transform_target_param', '_gpu_n_jobs_param', '_internal_pipeline', 'y_train', 'fix_imbalance_param', 'X', 'experiment__', 'prep_pipe', 'create_model_container', 'y', 'imputation_classifier', 'logging_param', 'fold_shuffle_param', '_all_models', 'USI', 'iterative_imputation_iters_param', 'y_test', 'seed', 'gpu_param', 'pycaret_globals', '_all_models_internal', 'stratify_param', 'X_test', 'display_container', '_ml_usecase', 'fix_imbalance_method_param'}
2021-02-16 13:32:43,668:INFO:Preparing display monitor
2021-02-16 13:32:43,668:INFO:Preparing display monitor
2021-02-16 13:32:43,693:INFO:Importing libraries
2021-02-16 13:32:43,693:INFO:Copying data for preprocessing
2021-02-16 13:32:43,711:INFO:Declaring preprocessing parameters
2021-02-16 13:32:43,713:INFO:Creating preprocessing pipeline
2021-02-16 13:32:43,748:INFO:Preprocessing pipeline created successfully
2021-02-16 13:32:43,748:ERROR:(Process Exit): setup has been interupted with user command 'quit'. setup must rerun.
2021-02-16 13:32:43,749:INFO:Creating global containers
2021-02-16 13:32:43,749:INFO:Internal pipeline: Pipeline(memory=None, steps=[('empty_step', 'passthrough')], verbose=False)
2021-02-16 13:33:51,709:INFO:Creating grid variables
2021-02-16 13:33:51,806:INFO:create_model_container: 0
2021-02-16 13:33:51,807:INFO:master_model_container: 0
2021-02-16 13:33:51,807:INFO:display_container: 1
2021-02-16 13:33:51,813:INFO:Pipeline(memory=None,
         steps=[('dtypes',
                 DataTypes_Auto_infer(categorical_features=[],
                                      display_types=True, features_todrop=[],
                                      id_columns=[],
                                      ml_usecase='classification',
                                      numerical_features=[],
                                      target='fraud_reported_1',
                                      time_features=[])),
                ('imputer',
                 Simple_Imputer(categorical_strategy='not_available',
                                fill_value_categorical=None,
                                fill_value_numerical=None,
                                num...
                ('scaling', 'passthrough'), ('P_transform', 'passthrough'),
                ('binn', 'passthrough'), ('rem_outliers', 'passthrough'),
                ('cluster_all', 'passthrough'),
                ('dummy', Dummify(target='fraud_reported_1')),
                ('fix_perfect', Remove_100(target='fraud_reported_1')),
                ('clean_names', Clean_Colum_Names()),
                ('feature_select', 'passthrough'), ('fix_multi', 'passthrough'),
                ('dfs', 'passthrough'), ('pca', 'passthrough')],
         verbose=False)
2021-02-16 13:33:51,813:INFO:setup() succesfully completed......................................
2021-02-16 13:33:51,950:INFO:Initializing compare_models()
2021-02-16 13:33:51,951:INFO:compare_models(include=None, fold=None, round=4, cross_validation=True, sort=Accuracy, n_select=1, budget_time=None, turbo=True, errors=ignore, fit_kwargs=None, groups=None, verbose=True, display=None, exclude=None)
2021-02-16 13:33:51,951:INFO:Checking exceptions
2021-02-16 13:33:51,956:INFO:Preparing display monitor
2021-02-16 13:33:51,957:INFO:Preparing display monitor
2021-02-16 13:33:52,015:INFO:Initializing Logistic Regression
2021-02-16 13:33:52,015:INFO:Total runtime is 1.6701221466064452e-05 minutes
2021-02-16 13:33:52,038:INFO:SubProcess create_model() called ==================================
2021-02-16 13:33:52,039:INFO:Initializing create_model()
2021-02-16 13:33:52,039:INFO:create_model(estimator=lr, fold=StratifiedKFold(n_splits=10, random_state=786, shuffle=False), round=4, cross_validation=True, predict=True, fit_kwargs={}, groups=None, refit=False, verbose=False, system=False, metrics=None, display=<pycaret.internal.Display.Display object at 0x0000015B0E096C08>, kwargs={})
2021-02-16 13:33:52,040:INFO:Checking exceptions
2021-02-16 13:33:52,040:INFO:Importing libraries
2021-02-16 13:33:52,040:INFO:Copying training dataset
2021-02-16 13:33:52,041:INFO:Defining folds
2021-02-16 13:33:52,042:INFO:Declaring metric variables
2021-02-16 13:33:52,056:INFO:Importing untrained model
2021-02-16 13:33:52,073:INFO:Logistic Regression Imported succesfully
2021-02-16 13:33:52,107:INFO:Starting cross validation
2021-02-16 13:33:52,108:INFO:Cross validating with StratifiedKFold(n_splits=10, random_state=786, shuffle=False), n_jobs=-1
2021-02-16 13:33:55,429:INFO:Calculating mean and std
2021-02-16 13:33:55,430:INFO:Creating metrics dataframe
2021-02-16 13:33:55,444:INFO:Uploading results into container
2021-02-16 13:33:55,444:INFO:Uploading model into container now
2021-02-16 13:33:55,445:INFO:create_model_container: 1
2021-02-16 13:33:55,445:INFO:master_model_container: 1
2021-02-16 13:33:55,445:INFO:display_container: 2
2021-02-16 13:33:55,446:INFO:LogisticRegression(C=1.0, class_weight=None, dual=False, fit_intercept=True,
                   intercept_scaling=1, l1_ratio=None, max_iter=1000,
                   multi_class='auto', n_jobs=None, penalty='l2',
                   random_state=786, solver='lbfgs', tol=0.0001, verbose=0,
                   warm_start=False)
2021-02-16 13:33:55,446:INFO:create_model() succesfully completed......................................
2021-02-16 13:33:55,594:INFO:SubProcess create_model() end ==================================
2021-02-16 13:33:55,594:INFO:Creating metrics dataframe
2021-02-16 13:33:55,626:INFO:Initializing K Neighbors Classifier
2021-02-16 13:33:55,626:INFO:Total runtime is 0.06020265420277913 minutes
2021-02-16 13:33:55,643:INFO:SubProcess create_model() called ==================================
2021-02-16 13:33:55,644:INFO:Initializing create_model()
2021-02-16 13:33:55,644:INFO:create_model(estimator=knn, fold=StratifiedKFold(n_splits=10, random_state=786, shuffle=False), round=4, cross_validation=True, predict=True, fit_kwargs={}, groups=None, refit=False, verbose=False, system=False, metrics=None, display=<pycaret.internal.Display.Display object at 0x0000015B0E096C08>, kwargs={})
2021-02-16 13:33:55,644:INFO:Checking exceptions
2021-02-16 13:33:55,644:INFO:Importing libraries
2021-02-16 13:33:55,645:INFO:Copying training dataset
2021-02-16 13:33:55,648:INFO:Defining folds
2021-02-16 13:33:55,648:INFO:Declaring metric variables
2021-02-16 13:33:55,664:INFO:Importing untrained model
2021-02-16 13:33:55,681:INFO:K Neighbors Classifier Imported succesfully
2021-02-16 13:33:55,710:INFO:Starting cross validation
2021-02-16 13:33:55,712:INFO:Cross validating with StratifiedKFold(n_splits=10, random_state=786, shuffle=False), n_jobs=-1
2021-02-16 13:33:56,533:INFO:Calculating mean and std
2021-02-16 13:33:56,535:INFO:Creating metrics dataframe
2021-02-16 13:33:56,545:INFO:Uploading results into container
2021-02-16 13:33:56,546:INFO:Uploading model into container now
2021-02-16 13:33:56,546:INFO:create_model_container: 2
2021-02-16 13:33:56,546:INFO:master_model_container: 2
2021-02-16 13:33:56,546:INFO:display_container: 2
2021-02-16 13:33:56,547:INFO:KNeighborsClassifier(algorithm='auto', leaf_size=30, metric='minkowski',
                     metric_params=None, n_jobs=-1, n_neighbors=5, p=2,
                     weights='uniform')
2021-02-16 13:33:56,547:INFO:create_model() succesfully completed......................................
2021-02-16 13:33:56,656:INFO:SubProcess create_model() end ==================================
2021-02-16 13:33:56,656:INFO:Creating metrics dataframe
2021-02-16 13:33:56,680:INFO:Initializing Naive Bayes
2021-02-16 13:33:56,680:INFO:Total runtime is 0.0777713934580485 minutes
2021-02-16 13:33:56,697:INFO:SubProcess create_model() called ==================================
2021-02-16 13:33:56,698:INFO:Initializing create_model()
2021-02-16 13:33:56,698:INFO:create_model(estimator=nb, fold=StratifiedKFold(n_splits=10, random_state=786, shuffle=False), round=4, cross_validation=True, predict=True, fit_kwargs={}, groups=None, refit=False, verbose=False, system=False, metrics=None, display=<pycaret.internal.Display.Display object at 0x0000015B0E096C08>, kwargs={})
2021-02-16 13:33:56,698:INFO:Checking exceptions
2021-02-16 13:33:56,698:INFO:Importing libraries
2021-02-16 13:33:56,698:INFO:Copying training dataset
2021-02-16 13:33:56,700:INFO:Defining folds
2021-02-16 13:33:56,700:INFO:Declaring metric variables
2021-02-16 13:33:56,716:INFO:Importing untrained model
2021-02-16 13:33:56,732:INFO:Naive Bayes Imported succesfully
2021-02-16 13:33:56,776:INFO:Starting cross validation
2021-02-16 13:33:56,777:INFO:Cross validating with StratifiedKFold(n_splits=10, random_state=786, shuffle=False), n_jobs=-1
2021-02-16 13:33:57,021:INFO:Calculating mean and std
2021-02-16 13:33:57,022:INFO:Creating metrics dataframe
2021-02-16 13:33:57,029:INFO:Uploading results into container
2021-02-16 13:33:57,029:INFO:Uploading model into container now
2021-02-16 13:33:57,029:INFO:create_model_container: 3
2021-02-16 13:33:57,029:INFO:master_model_container: 3
2021-02-16 13:33:57,029:INFO:display_container: 2
2021-02-16 13:33:57,030:INFO:GaussianNB(priors=None, var_smoothing=1e-09)
2021-02-16 13:33:57,030:INFO:create_model() succesfully completed......................................
2021-02-16 13:33:57,140:INFO:SubProcess create_model() end ==================================
2021-02-16 13:33:57,140:INFO:Creating metrics dataframe
2021-02-16 13:33:57,165:INFO:Initializing Decision Tree Classifier
2021-02-16 13:33:57,166:INFO:Total runtime is 0.08586642344792683 minutes
2021-02-16 13:33:57,184:INFO:SubProcess create_model() called ==================================
2021-02-16 13:33:57,184:INFO:Initializing create_model()
2021-02-16 13:33:57,185:INFO:create_model(estimator=dt, fold=StratifiedKFold(n_splits=10, random_state=786, shuffle=False), round=4, cross_validation=True, predict=True, fit_kwargs={}, groups=None, refit=False, verbose=False, system=False, metrics=None, display=<pycaret.internal.Display.Display object at 0x0000015B0E096C08>, kwargs={})
2021-02-16 13:33:57,185:INFO:Checking exceptions
2021-02-16 13:33:57,186:INFO:Importing libraries
2021-02-16 13:33:57,186:INFO:Copying training dataset
2021-02-16 13:33:57,189:INFO:Defining folds
2021-02-16 13:33:57,190:INFO:Declaring metric variables
2021-02-16 13:33:57,204:INFO:Importing untrained model
2021-02-16 13:33:57,217:INFO:Decision Tree Classifier Imported succesfully
2021-02-16 13:33:57,260:INFO:Starting cross validation
2021-02-16 13:33:57,261:INFO:Cross validating with StratifiedKFold(n_splits=10, random_state=786, shuffle=False), n_jobs=-1
2021-02-16 13:33:57,450:INFO:Calculating mean and std
2021-02-16 13:33:57,454:INFO:Creating metrics dataframe
2021-02-16 13:33:57,461:INFO:Uploading results into container
2021-02-16 13:33:57,461:INFO:Uploading model into container now
2021-02-16 13:33:57,462:INFO:create_model_container: 4
2021-02-16 13:33:57,462:INFO:master_model_container: 4
2021-02-16 13:33:57,462:INFO:display_container: 2
2021-02-16 13:33:57,462:INFO:DecisionTreeClassifier(ccp_alpha=0.0, class_weight=None, criterion='gini',
                       max_depth=None, max_features=None, max_leaf_nodes=None,
                       min_impurity_decrease=0.0, min_impurity_split=None,
                       min_samples_leaf=1, min_samples_split=2,
                       min_weight_fraction_leaf=0.0, presort='deprecated',
                       random_state=786, splitter='best')
2021-02-16 13:33:57,462:INFO:create_model() succesfully completed......................................
2021-02-16 13:33:57,577:INFO:SubProcess create_model() end ==================================
2021-02-16 13:33:57,577:INFO:Creating metrics dataframe
2021-02-16 13:33:57,608:INFO:Initializing SVM - Linear Kernel
2021-02-16 13:33:57,609:INFO:Total runtime is 0.09324051936467488 minutes
2021-02-16 13:33:57,627:INFO:SubProcess create_model() called ==================================
2021-02-16 13:33:57,628:INFO:Initializing create_model()
2021-02-16 13:33:57,628:INFO:create_model(estimator=svm, fold=StratifiedKFold(n_splits=10, random_state=786, shuffle=False), round=4, cross_validation=True, predict=True, fit_kwargs={}, groups=None, refit=False, verbose=False, system=False, metrics=None, display=<pycaret.internal.Display.Display object at 0x0000015B0E096C08>, kwargs={})
2021-02-16 13:33:57,628:INFO:Checking exceptions
2021-02-16 13:33:57,628:INFO:Importing libraries
2021-02-16 13:33:57,628:INFO:Copying training dataset
2021-02-16 13:33:57,630:INFO:Defining folds
2021-02-16 13:33:57,630:INFO:Declaring metric variables
2021-02-16 13:33:57,646:INFO:Importing untrained model
2021-02-16 13:33:57,663:INFO:SVM - Linear Kernel Imported succesfully
2021-02-16 13:33:57,706:INFO:Starting cross validation
2021-02-16 13:33:57,707:INFO:Cross validating with StratifiedKFold(n_splits=10, random_state=786, shuffle=False), n_jobs=-1
2021-02-16 13:33:57,899:INFO:Calculating mean and std
2021-02-16 13:33:57,902:INFO:Creating metrics dataframe
2021-02-16 13:33:57,910:INFO:Uploading results into container
2021-02-16 13:33:57,911:INFO:Uploading model into container now
2021-02-16 13:33:57,911:INFO:create_model_container: 5
2021-02-16 13:33:57,911:INFO:master_model_container: 5
2021-02-16 13:33:57,911:INFO:display_container: 2
2021-02-16 13:33:57,912:INFO:SGDClassifier(alpha=0.0001, average=False, class_weight=None,
              early_stopping=False, epsilon=0.1, eta0=0.001, fit_intercept=True,
              l1_ratio=0.15, learning_rate='optimal', loss='hinge',
              max_iter=1000, n_iter_no_change=5, n_jobs=-1, penalty='l2',
              power_t=0.5, random_state=786, shuffle=True, tol=0.001,
              validation_fraction=0.1, verbose=0, warm_start=False)
2021-02-16 13:33:57,913:INFO:create_model() succesfully completed......................................
2021-02-16 13:33:58,031:INFO:SubProcess create_model() end ==================================
2021-02-16 13:33:58,032:INFO:Creating metrics dataframe
2021-02-16 13:33:58,074:INFO:Initializing Ridge Classifier
2021-02-16 13:33:58,075:INFO:Total runtime is 0.10102812846501667 minutes
2021-02-16 13:33:58,094:INFO:SubProcess create_model() called ==================================
2021-02-16 13:33:58,095:INFO:Initializing create_model()
2021-02-16 13:33:58,095:INFO:create_model(estimator=ridge, fold=StratifiedKFold(n_splits=10, random_state=786, shuffle=False), round=4, cross_validation=True, predict=True, fit_kwargs={}, groups=None, refit=False, verbose=False, system=False, metrics=None, display=<pycaret.internal.Display.Display object at 0x0000015B0E096C08>, kwargs={})
2021-02-16 13:33:58,095:INFO:Checking exceptions
2021-02-16 13:33:58,095:INFO:Importing libraries
2021-02-16 13:33:58,095:INFO:Copying training dataset
2021-02-16 13:33:58,097:INFO:Defining folds
2021-02-16 13:33:58,097:INFO:Declaring metric variables
2021-02-16 13:33:58,113:INFO:Importing untrained model
2021-02-16 13:33:58,130:INFO:Ridge Classifier Imported succesfully
2021-02-16 13:33:58,191:INFO:Starting cross validation
2021-02-16 13:33:58,192:INFO:Cross validating with StratifiedKFold(n_splits=10, random_state=786, shuffle=False), n_jobs=-1
2021-02-16 13:33:58,430:INFO:Calculating mean and std
2021-02-16 13:33:58,432:INFO:Creating metrics dataframe
2021-02-16 13:33:58,443:INFO:Uploading results into container
2021-02-16 13:33:58,444:INFO:Uploading model into container now
2021-02-16 13:33:58,444:INFO:create_model_container: 6
2021-02-16 13:33:58,444:INFO:master_model_container: 6
2021-02-16 13:33:58,444:INFO:display_container: 2
2021-02-16 13:33:58,445:INFO:RidgeClassifier(alpha=1.0, class_weight=None, copy_X=True, fit_intercept=True,
                max_iter=None, normalize=False, random_state=786, solver='auto',
                tol=0.001)
2021-02-16 13:33:58,445:INFO:create_model() succesfully completed......................................
2021-02-16 13:33:58,589:INFO:SubProcess create_model() end ==================================
2021-02-16 13:33:58,590:INFO:Creating metrics dataframe
2021-02-16 13:33:58,626:INFO:Initializing Random Forest Classifier
2021-02-16 13:33:58,626:INFO:Total runtime is 0.1102046529452006 minutes
2021-02-16 13:33:58,644:INFO:SubProcess create_model() called ==================================
2021-02-16 13:33:58,644:INFO:Initializing create_model()
2021-02-16 13:33:58,644:INFO:create_model(estimator=rf, fold=StratifiedKFold(n_splits=10, random_state=786, shuffle=False), round=4, cross_validation=True, predict=True, fit_kwargs={}, groups=None, refit=False, verbose=False, system=False, metrics=None, display=<pycaret.internal.Display.Display object at 0x0000015B0E096C08>, kwargs={})
2021-02-16 13:33:58,645:INFO:Checking exceptions
2021-02-16 13:33:58,645:INFO:Importing libraries
2021-02-16 13:33:58,645:INFO:Copying training dataset
2021-02-16 13:33:58,647:INFO:Defining folds
2021-02-16 13:33:58,647:INFO:Declaring metric variables
2021-02-16 13:33:58,663:INFO:Importing untrained model
2021-02-16 13:33:58,680:INFO:Random Forest Classifier Imported succesfully
2021-02-16 13:33:58,725:INFO:Starting cross validation
2021-02-16 13:33:58,726:INFO:Cross validating with StratifiedKFold(n_splits=10, random_state=786, shuffle=False), n_jobs=-1
2021-02-16 13:34:02,431:INFO:Calculating mean and std
2021-02-16 13:34:02,432:INFO:Creating metrics dataframe
2021-02-16 13:34:02,439:INFO:Uploading results into container
2021-02-16 13:34:02,440:INFO:Uploading model into container now
2021-02-16 13:34:02,440:INFO:create_model_container: 7
2021-02-16 13:34:02,440:INFO:master_model_container: 7
2021-02-16 13:34:02,440:INFO:display_container: 2
2021-02-16 13:34:02,440:INFO:RandomForestClassifier(bootstrap=True, ccp_alpha=0.0, class_weight=None,
                       criterion='gini', max_depth=None, max_features='auto',
                       max_leaf_nodes=None, max_samples=None,
                       min_impurity_decrease=0.0, min_impurity_split=None,
                       min_samples_leaf=1, min_samples_split=2,
                       min_weight_fraction_leaf=0.0, n_estimators=100,
                       n_jobs=-1, oob_score=False, random_state=786, verbose=0,
                       warm_start=False)
2021-02-16 13:34:02,441:INFO:create_model() succesfully completed......................................
2021-02-16 13:34:02,547:INFO:SubProcess create_model() end ==================================
2021-02-16 13:34:02,547:INFO:Creating metrics dataframe
2021-02-16 13:34:02,599:INFO:Initializing Quadratic Discriminant Analysis
2021-02-16 13:34:02,599:INFO:Total runtime is 0.17641990979512534 minutes
2021-02-16 13:34:02,616:INFO:SubProcess create_model() called ==================================
2021-02-16 13:34:02,617:INFO:Initializing create_model()
2021-02-16 13:34:02,617:INFO:create_model(estimator=qda, fold=StratifiedKFold(n_splits=10, random_state=786, shuffle=False), round=4, cross_validation=True, predict=True, fit_kwargs={}, groups=None, refit=False, verbose=False, system=False, metrics=None, display=<pycaret.internal.Display.Display object at 0x0000015B0E096C08>, kwargs={})
2021-02-16 13:34:02,618:INFO:Checking exceptions
2021-02-16 13:34:02,618:INFO:Importing libraries
2021-02-16 13:34:02,618:INFO:Copying training dataset
2021-02-16 13:34:02,622:INFO:Defining folds
2021-02-16 13:34:02,622:INFO:Declaring metric variables
2021-02-16 13:34:02,637:INFO:Importing untrained model
2021-02-16 13:34:02,649:INFO:Quadratic Discriminant Analysis Imported succesfully
2021-02-16 13:34:02,690:INFO:Starting cross validation
2021-02-16 13:34:02,691:INFO:Cross validating with StratifiedKFold(n_splits=10, random_state=786, shuffle=False), n_jobs=-1
2021-02-16 13:34:02,909:INFO:Calculating mean and std
2021-02-16 13:34:02,911:INFO:Creating metrics dataframe
2021-02-16 13:34:02,917:INFO:Uploading results into container
2021-02-16 13:34:02,917:INFO:Uploading model into container now
2021-02-16 13:34:02,917:INFO:create_model_container: 8
2021-02-16 13:34:02,917:INFO:master_model_container: 8
2021-02-16 13:34:02,918:INFO:display_container: 2
2021-02-16 13:34:02,918:INFO:QuadraticDiscriminantAnalysis(priors=None, reg_param=0.0,
                              store_covariance=False, tol=0.0001)
2021-02-16 13:34:02,919:INFO:create_model() succesfully completed......................................
2021-02-16 13:34:03,027:INFO:SubProcess create_model() end ==================================
2021-02-16 13:34:03,027:INFO:Creating metrics dataframe
2021-02-16 13:34:03,069:INFO:Initializing Ada Boost Classifier
2021-02-16 13:34:03,070:INFO:Total runtime is 0.18427071968714398 minutes
2021-02-16 13:34:03,085:INFO:SubProcess create_model() called ==================================
2021-02-16 13:34:03,086:INFO:Initializing create_model()
2021-02-16 13:34:03,086:INFO:create_model(estimator=ada, fold=StratifiedKFold(n_splits=10, random_state=786, shuffle=False), round=4, cross_validation=True, predict=True, fit_kwargs={}, groups=None, refit=False, verbose=False, system=False, metrics=None, display=<pycaret.internal.Display.Display object at 0x0000015B0E096C08>, kwargs={})
2021-02-16 13:34:03,087:INFO:Checking exceptions
2021-02-16 13:34:03,087:INFO:Importing libraries
2021-02-16 13:34:03,087:INFO:Copying training dataset
2021-02-16 13:34:03,090:INFO:Defining folds
2021-02-16 13:34:03,090:INFO:Declaring metric variables
2021-02-16 13:34:03,107:INFO:Importing untrained model
2021-02-16 13:34:03,122:INFO:Ada Boost Classifier Imported succesfully
2021-02-16 13:34:03,160:INFO:Starting cross validation
2021-02-16 13:34:03,161:INFO:Cross validating with StratifiedKFold(n_splits=10, random_state=786, shuffle=False), n_jobs=-1
2021-02-16 13:34:04,108:INFO:Calculating mean and std
2021-02-16 13:34:04,110:INFO:Creating metrics dataframe
2021-02-16 13:34:04,116:INFO:Uploading results into container
2021-02-16 13:34:04,117:INFO:Uploading model into container now
2021-02-16 13:34:04,117:INFO:create_model_container: 9
2021-02-16 13:34:04,117:INFO:master_model_container: 9
2021-02-16 13:34:04,117:INFO:display_container: 2
2021-02-16 13:34:04,117:INFO:AdaBoostClassifier(algorithm='SAMME.R', base_estimator=None, learning_rate=1.0,
                   n_estimators=50, random_state=786)
2021-02-16 13:34:04,117:INFO:create_model() succesfully completed......................................
2021-02-16 13:34:04,225:INFO:SubProcess create_model() end ==================================
2021-02-16 13:34:04,225:INFO:Creating metrics dataframe
2021-02-16 13:34:04,272:INFO:Initializing Gradient Boosting Classifier
2021-02-16 13:34:04,272:INFO:Total runtime is 0.20430353482564292 minutes
2021-02-16 13:34:04,289:INFO:SubProcess create_model() called ==================================
2021-02-16 13:34:04,289:INFO:Initializing create_model()
2021-02-16 13:34:04,290:INFO:create_model(estimator=gbc, fold=StratifiedKFold(n_splits=10, random_state=786, shuffle=False), round=4, cross_validation=True, predict=True, fit_kwargs={}, groups=None, refit=False, verbose=False, system=False, metrics=None, display=<pycaret.internal.Display.Display object at 0x0000015B0E096C08>, kwargs={})
2021-02-16 13:34:04,290:INFO:Checking exceptions
2021-02-16 13:34:04,290:INFO:Importing libraries
2021-02-16 13:34:04,290:INFO:Copying training dataset
2021-02-16 13:34:04,292:INFO:Defining folds
2021-02-16 13:34:04,292:INFO:Declaring metric variables
2021-02-16 13:34:04,307:INFO:Importing untrained model
2021-02-16 13:34:04,324:INFO:Gradient Boosting Classifier Imported succesfully
2021-02-16 13:34:04,359:INFO:Starting cross validation
2021-02-16 13:34:04,361:INFO:Cross validating with StratifiedKFold(n_splits=10, random_state=786, shuffle=False), n_jobs=-1
2021-02-16 13:34:05,769:INFO:Calculating mean and std
2021-02-16 13:34:05,771:INFO:Creating metrics dataframe
2021-02-16 13:34:05,778:INFO:Uploading results into container
2021-02-16 13:34:05,779:INFO:Uploading model into container now
2021-02-16 13:34:05,779:INFO:create_model_container: 10
2021-02-16 13:34:05,779:INFO:master_model_container: 10
2021-02-16 13:34:05,779:INFO:display_container: 2
2021-02-16 13:34:05,779:INFO:GradientBoostingClassifier(ccp_alpha=0.0, criterion='friedman_mse', init=None,
                           learning_rate=0.1, loss='deviance', max_depth=3,
                           max_features=None, max_leaf_nodes=None,
                           min_impurity_decrease=0.0, min_impurity_split=None,
                           min_samples_leaf=1, min_samples_split=2,
                           min_weight_fraction_leaf=0.0, n_estimators=100,
                           n_iter_no_change=None, presort='deprecated',
                           random_state=786, subsample=1.0, tol=0.0001,
                           validation_fraction=0.1, verbose=0,
                           warm_start=False)
2021-02-16 13:34:05,780:INFO:create_model() succesfully completed......................................
2021-02-16 13:34:05,889:INFO:SubProcess create_model() end ==================================
2021-02-16 13:34:05,889:INFO:Creating metrics dataframe
2021-02-16 13:34:05,939:INFO:Initializing Linear Discriminant Analysis
2021-02-16 13:34:05,939:INFO:Total runtime is 0.2320935885111491 minutes
2021-02-16 13:34:05,954:INFO:SubProcess create_model() called ==================================
2021-02-16 13:34:05,955:INFO:Initializing create_model()
2021-02-16 13:34:05,955:INFO:create_model(estimator=lda, fold=StratifiedKFold(n_splits=10, random_state=786, shuffle=False), round=4, cross_validation=True, predict=True, fit_kwargs={}, groups=None, refit=False, verbose=False, system=False, metrics=None, display=<pycaret.internal.Display.Display object at 0x0000015B0E096C08>, kwargs={})
2021-02-16 13:34:05,955:INFO:Checking exceptions
2021-02-16 13:34:05,955:INFO:Importing libraries
2021-02-16 13:34:05,955:INFO:Copying training dataset
2021-02-16 13:34:05,957:INFO:Defining folds
2021-02-16 13:34:05,957:INFO:Declaring metric variables
2021-02-16 13:34:05,971:INFO:Importing untrained model
2021-02-16 13:34:05,983:INFO:Linear Discriminant Analysis Imported succesfully
2021-02-16 13:34:06,023:INFO:Starting cross validation
2021-02-16 13:34:06,024:INFO:Cross validating with StratifiedKFold(n_splits=10, random_state=786, shuffle=False), n_jobs=-1
2021-02-16 13:34:06,297:INFO:Calculating mean and std
2021-02-16 13:34:06,298:INFO:Creating metrics dataframe
2021-02-16 13:34:06,306:INFO:Uploading results into container
2021-02-16 13:34:06,306:INFO:Uploading model into container now
2021-02-16 13:34:06,307:INFO:create_model_container: 11
2021-02-16 13:34:06,307:INFO:master_model_container: 11
2021-02-16 13:34:06,307:INFO:display_container: 2
2021-02-16 13:34:06,307:INFO:LinearDiscriminantAnalysis(n_components=None, priors=None, shrinkage=None,
                           solver='svd', store_covariance=False, tol=0.0001)
2021-02-16 13:34:06,307:INFO:create_model() succesfully completed......................................
2021-02-16 13:34:06,414:INFO:SubProcess create_model() end ==================================
2021-02-16 13:34:06,414:INFO:Creating metrics dataframe
2021-02-16 13:34:06,463:INFO:Initializing Extra Trees Classifier
2021-02-16 13:34:06,463:INFO:Total runtime is 0.2408245404561361 minutes
2021-02-16 13:34:06,480:INFO:SubProcess create_model() called ==================================
2021-02-16 13:34:06,480:INFO:Initializing create_model()
2021-02-16 13:34:06,480:INFO:create_model(estimator=et, fold=StratifiedKFold(n_splits=10, random_state=786, shuffle=False), round=4, cross_validation=True, predict=True, fit_kwargs={}, groups=None, refit=False, verbose=False, system=False, metrics=None, display=<pycaret.internal.Display.Display object at 0x0000015B0E096C08>, kwargs={})
2021-02-16 13:34:06,481:INFO:Checking exceptions
2021-02-16 13:34:06,481:INFO:Importing libraries
2021-02-16 13:34:06,481:INFO:Copying training dataset
2021-02-16 13:34:06,483:INFO:Defining folds
2021-02-16 13:34:06,483:INFO:Declaring metric variables
2021-02-16 13:34:06,498:INFO:Importing untrained model
2021-02-16 13:34:06,515:INFO:Extra Trees Classifier Imported succesfully
2021-02-16 13:34:06,554:INFO:Starting cross validation
2021-02-16 13:34:06,555:INFO:Cross validating with StratifiedKFold(n_splits=10, random_state=786, shuffle=False), n_jobs=-1
2021-02-16 13:34:09,828:INFO:Calculating mean and std
2021-02-16 13:34:09,830:INFO:Creating metrics dataframe
2021-02-16 13:34:09,840:INFO:Uploading results into container
2021-02-16 13:34:09,840:INFO:Uploading model into container now
2021-02-16 13:34:09,840:INFO:create_model_container: 12
2021-02-16 13:34:09,841:INFO:master_model_container: 12
2021-02-16 13:34:09,841:INFO:display_container: 2
2021-02-16 13:34:09,842:INFO:ExtraTreesClassifier(bootstrap=False, ccp_alpha=0.0, class_weight=None,
                     criterion='gini', max_depth=None, max_features='auto',
                     max_leaf_nodes=None, max_samples=None,
                     min_impurity_decrease=0.0, min_impurity_split=None,
                     min_samples_leaf=1, min_samples_split=2,
                     min_weight_fraction_leaf=0.0, n_estimators=100, n_jobs=-1,
                     oob_score=False, random_state=786, verbose=0,
                     warm_start=False)
2021-02-16 13:34:09,843:INFO:create_model() succesfully completed......................................
2021-02-16 13:34:09,952:INFO:SubProcess create_model() end ==================================
2021-02-16 13:34:09,953:INFO:Creating metrics dataframe
2021-02-16 13:34:10,004:INFO:Initializing Extreme Gradient Boosting
2021-02-16 13:34:10,004:INFO:Total runtime is 0.29984091122945156 minutes
2021-02-16 13:34:10,021:INFO:SubProcess create_model() called ==================================
2021-02-16 13:34:10,021:INFO:Initializing create_model()
2021-02-16 13:34:10,022:INFO:create_model(estimator=xgboost, fold=StratifiedKFold(n_splits=10, random_state=786, shuffle=False), round=4, cross_validation=True, predict=True, fit_kwargs={}, groups=None, refit=False, verbose=False, system=False, metrics=None, display=<pycaret.internal.Display.Display object at 0x0000015B0E096C08>, kwargs={})
2021-02-16 13:34:10,022:INFO:Checking exceptions
2021-02-16 13:34:10,022:INFO:Importing libraries
2021-02-16 13:34:10,022:INFO:Copying training dataset
2021-02-16 13:34:10,024:INFO:Defining folds
2021-02-16 13:34:10,024:INFO:Declaring metric variables
2021-02-16 13:34:10,041:INFO:Importing untrained model
2021-02-16 13:34:10,056:INFO:Extreme Gradient Boosting Imported succesfully
2021-02-16 13:34:10,100:INFO:Starting cross validation
2021-02-16 13:34:10,100:WARNING:create_model() for xgboost raised an exception or returned all 0.0, trying without fit_kwargs:
2021-02-16 13:34:10,108:WARNING:Traceback (most recent call last):
  File "C:\Users\affine\AppData\Roaming\Python\Python37\site-packages\pycaret\internal\pipeline.py", line 217, in add_estimator_to_pipeline
    assert hasattr(pipeline._final_estimator, "predict")
AssertionError

During handling of the above exception, another exception occurred:

Traceback (most recent call last):
  File "C:\Users\affine\AppData\Roaming\Python\Python37\site-packages\pycaret\internal\tabular.py", line 2151, in compare_models
    refit=False,
  File "C:\Users\affine\AppData\Roaming\Python\Python37\site-packages\pycaret\internal\tabular.py", line 3085, in create_model_supervised
    with estimator_pipeline(_internal_pipeline, model) as pipeline_with_model:
  File "C:\Users\affine\AppData\Roaming\Python\Python37\site-packages\pycaret\internal\pipeline.py", line 199, in __enter__
    add_estimator_to_pipeline(self.pipeline, self.estimator)
  File "C:\Users\affine\AppData\Roaming\Python\Python37\site-packages\pycaret\internal\pipeline.py", line 222, in add_estimator_to_pipeline
    pipeline._carry_over_final_estimator_fit_vars()
  File "C:\Users\affine\AppData\Roaming\Python\Python37\site-packages\pycaret\internal\pipeline.py", line 58, in _carry_over_final_estimator_fit_vars
    self._final_estimator
  File "C:\Users\affine\AppData\Roaming\Python\Python37\site-packages\pycaret\internal\utils.py", line 571, in get_all_object_vars_and_properties
    for k in object.__dir__()
  File "C:\Users\affine\AppData\Roaming\Python\Python37\site-packages\pycaret\internal\utils.py", line 572, in <dictcomp>
    if k[:2] != "__" and type(getattr(object, k, "")).__name__ != "method"
  File "D:\Anaconda3\lib\site-packages\xgboost\sklearn.py", line 542, in feature_importances_
    b = self.get_booster()
  File "D:\Anaconda3\lib\site-packages\xgboost\sklearn.py", line 193, in get_booster
    raise XGBoostError('need to call fit or load_model beforehand')
xgboost.core.XGBoostError: need to call fit or load_model beforehand

2021-02-16 13:34:10,109:INFO:Initializing create_model()
2021-02-16 13:34:10,109:INFO:create_model(estimator=xgboost, fold=StratifiedKFold(n_splits=10, random_state=786, shuffle=False), round=4, cross_validation=True, predict=True, fit_kwargs=None, groups=None, refit=False, verbose=False, system=False, metrics=None, display=<pycaret.internal.Display.Display object at 0x0000015B0E096C08>, kwargs={})
2021-02-16 13:34:10,109:INFO:Checking exceptions
2021-02-16 13:34:10,109:INFO:Importing libraries
2021-02-16 13:34:10,109:INFO:Copying training dataset
2021-02-16 13:34:10,111:INFO:Defining folds
2021-02-16 13:34:10,112:INFO:Declaring metric variables
2021-02-16 13:34:10,127:INFO:Importing untrained model
2021-02-16 13:34:10,147:INFO:Extreme Gradient Boosting Imported succesfully
2021-02-16 13:34:10,180:INFO:Starting cross validation
2021-02-16 13:34:10,181:ERROR:create_model() for xgboost raised an exception:
2021-02-16 13:34:10,183:ERROR:Traceback (most recent call last):
  File "C:\Users\affine\AppData\Roaming\Python\Python37\site-packages\pycaret\internal\pipeline.py", line 217, in add_estimator_to_pipeline
    assert hasattr(pipeline._final_estimator, "predict")
AssertionError

During handling of the above exception, another exception occurred:

Traceback (most recent call last):
  File "C:\Users\affine\AppData\Roaming\Python\Python37\site-packages\pycaret\internal\tabular.py", line 2151, in compare_models
    refit=False,
  File "C:\Users\affine\AppData\Roaming\Python\Python37\site-packages\pycaret\internal\tabular.py", line 3085, in create_model_supervised
    with estimator_pipeline(_internal_pipeline, model) as pipeline_with_model:
  File "C:\Users\affine\AppData\Roaming\Python\Python37\site-packages\pycaret\internal\pipeline.py", line 199, in __enter__
    add_estimator_to_pipeline(self.pipeline, self.estimator)
  File "C:\Users\affine\AppData\Roaming\Python\Python37\site-packages\pycaret\internal\pipeline.py", line 222, in add_estimator_to_pipeline
    pipeline._carry_over_final_estimator_fit_vars()
  File "C:\Users\affine\AppData\Roaming\Python\Python37\site-packages\pycaret\internal\pipeline.py", line 58, in _carry_over_final_estimator_fit_vars
    self._final_estimator
  File "C:\Users\affine\AppData\Roaming\Python\Python37\site-packages\pycaret\internal\utils.py", line 571, in get_all_object_vars_and_properties
    for k in object.__dir__()
  File "C:\Users\affine\AppData\Roaming\Python\Python37\site-packages\pycaret\internal\utils.py", line 572, in <dictcomp>
    if k[:2] != "__" and type(getattr(object, k, "")).__name__ != "method"
  File "D:\Anaconda3\lib\site-packages\xgboost\sklearn.py", line 542, in feature_importances_
    b = self.get_booster()
  File "D:\Anaconda3\lib\site-packages\xgboost\sklearn.py", line 193, in get_booster
    raise XGBoostError('need to call fit or load_model beforehand')
xgboost.core.XGBoostError: need to call fit or load_model beforehand

During handling of the above exception, another exception occurred:

Traceback (most recent call last):
  File "C:\Users\affine\AppData\Roaming\Python\Python37\site-packages\pycaret\internal\pipeline.py", line 217, in add_estimator_to_pipeline
    assert hasattr(pipeline._final_estimator, "predict")
AssertionError

During handling of the above exception, another exception occurred:

Traceback (most recent call last):
  File "C:\Users\affine\AppData\Roaming\Python\Python37\site-packages\pycaret\internal\tabular.py", line 2170, in compare_models
    refit=False,
  File "C:\Users\affine\AppData\Roaming\Python\Python37\site-packages\pycaret\internal\tabular.py", line 3085, in create_model_supervised
    with estimator_pipeline(_internal_pipeline, model) as pipeline_with_model:
  File "C:\Users\affine\AppData\Roaming\Python\Python37\site-packages\pycaret\internal\pipeline.py", line 199, in __enter__
    add_estimator_to_pipeline(self.pipeline, self.estimator)
  File "C:\Users\affine\AppData\Roaming\Python\Python37\site-packages\pycaret\internal\pipeline.py", line 222, in add_estimator_to_pipeline
    pipeline._carry_over_final_estimator_fit_vars()
  File "C:\Users\affine\AppData\Roaming\Python\Python37\site-packages\pycaret\internal\pipeline.py", line 58, in _carry_over_final_estimator_fit_vars
    self._final_estimator
  File "C:\Users\affine\AppData\Roaming\Python\Python37\site-packages\pycaret\internal\utils.py", line 571, in get_all_object_vars_and_properties
    for k in object.__dir__()
  File "C:\Users\affine\AppData\Roaming\Python\Python37\site-packages\pycaret\internal\utils.py", line 572, in <dictcomp>
    if k[:2] != "__" and type(getattr(object, k, "")).__name__ != "method"
  File "D:\Anaconda3\lib\site-packages\xgboost\sklearn.py", line 542, in feature_importances_
    b = self.get_booster()
  File "D:\Anaconda3\lib\site-packages\xgboost\sklearn.py", line 193, in get_booster
    raise XGBoostError('need to call fit or load_model beforehand')
xgboost.core.XGBoostError: need to call fit or load_model beforehand

2021-02-16 13:34:10,184:INFO:Initializing Light Gradient Boosting Machine
2021-02-16 13:34:10,184:INFO:Total runtime is 0.30283256371816003 minutes
2021-02-16 13:34:10,205:INFO:SubProcess create_model() called ==================================
2021-02-16 13:34:10,205:INFO:Initializing create_model()
2021-02-16 13:34:10,206:INFO:create_model(estimator=lightgbm, fold=StratifiedKFold(n_splits=10, random_state=786, shuffle=False), round=4, cross_validation=True, predict=True, fit_kwargs={}, groups=None, refit=False, verbose=False, system=False, metrics=None, display=<pycaret.internal.Display.Display object at 0x0000015B0E096C08>, kwargs={})
2021-02-16 13:34:10,206:INFO:Checking exceptions
2021-02-16 13:34:10,206:INFO:Importing libraries
2021-02-16 13:34:10,206:INFO:Copying training dataset
2021-02-16 13:34:10,208:INFO:Defining folds
2021-02-16 13:34:10,209:INFO:Declaring metric variables
2021-02-16 13:34:10,226:INFO:Importing untrained model
2021-02-16 13:34:10,241:INFO:Light Gradient Boosting Machine Imported succesfully
2021-02-16 13:34:10,275:INFO:Starting cross validation
2021-02-16 13:34:10,276:INFO:Cross validating with StratifiedKFold(n_splits=10, random_state=786, shuffle=False), n_jobs=-1
2021-02-16 13:34:11,138:INFO:Calculating mean and std
2021-02-16 13:34:11,139:INFO:Creating metrics dataframe
2021-02-16 13:34:11,149:INFO:Uploading results into container
2021-02-16 13:34:11,149:INFO:Uploading model into container now
2021-02-16 13:34:11,150:INFO:create_model_container: 13
2021-02-16 13:34:11,150:INFO:master_model_container: 13
2021-02-16 13:34:11,150:INFO:display_container: 2
2021-02-16 13:34:11,152:INFO:LGBMClassifier(boosting_type='gbdt', class_weight=None, colsample_bytree=1.0,
               importance_type='split', learning_rate=0.1, max_depth=-1,
               min_child_samples=20, min_child_weight=0.001, min_split_gain=0.0,
               n_estimators=100, n_jobs=-1, num_leaves=31, objective=None,
               random_state=786, reg_alpha=0.0, reg_lambda=0.0, silent=True,
               subsample=1.0, subsample_for_bin=200000, subsample_freq=0)
2021-02-16 13:34:11,153:INFO:create_model() succesfully completed......................................
2021-02-16 13:34:11,260:INFO:SubProcess create_model() end ==================================
2021-02-16 13:34:11,260:INFO:Creating metrics dataframe
2021-02-16 13:34:11,316:INFO:Initializing CatBoost Classifier
2021-02-16 13:34:11,316:INFO:Total runtime is 0.3217076381047567 minutes
2021-02-16 13:34:11,331:INFO:SubProcess create_model() called ==================================
2021-02-16 13:34:11,331:INFO:Initializing create_model()
2021-02-16 13:34:11,331:INFO:create_model(estimator=catboost, fold=StratifiedKFold(n_splits=10, random_state=786, shuffle=False), round=4, cross_validation=True, predict=True, fit_kwargs={}, groups=None, refit=False, verbose=False, system=False, metrics=None, display=<pycaret.internal.Display.Display object at 0x0000015B0E096C08>, kwargs={})
2021-02-16 13:34:11,332:INFO:Checking exceptions
2021-02-16 13:34:11,332:INFO:Importing libraries
2021-02-16 13:34:11,332:INFO:Copying training dataset
2021-02-16 13:34:11,335:INFO:Defining folds
2021-02-16 13:34:11,336:INFO:Declaring metric variables
2021-02-16 13:34:11,355:INFO:Importing untrained model
2021-02-16 13:34:11,372:INFO:CatBoost Classifier Imported succesfully
2021-02-16 13:34:11,406:INFO:Starting cross validation
2021-02-16 13:34:11,408:INFO:Cross validating with StratifiedKFold(n_splits=10, random_state=786, shuffle=False), n_jobs=-1
2021-02-16 13:35:17,286:INFO:Calculating mean and std
2021-02-16 13:35:17,288:INFO:Creating metrics dataframe
2021-02-16 13:35:17,298:INFO:Uploading results into container
2021-02-16 13:35:17,298:INFO:Uploading model into container now
2021-02-16 13:35:17,298:INFO:create_model_container: 14
2021-02-16 13:35:17,299:INFO:master_model_container: 14
2021-02-16 13:35:17,299:INFO:display_container: 2
2021-02-16 13:35:17,299:INFO:<catboost.core.CatBoostClassifier object at 0x0000015B14145048>
2021-02-16 13:35:17,299:INFO:create_model() succesfully completed......................................
2021-02-16 13:35:17,411:INFO:SubProcess create_model() end ==================================
2021-02-16 13:35:17,411:INFO:Creating metrics dataframe
2021-02-16 13:35:17,518:INFO:Initializing create_model()
2021-02-16 13:35:17,518:INFO:create_model(estimator=LinearDiscriminantAnalysis(n_components=None, priors=None, shrinkage=None,
                           solver='svd', store_covariance=False, tol=0.0001), fold=StratifiedKFold(n_splits=10, random_state=786, shuffle=False), round=4, cross_validation=False, predict=False, fit_kwargs={}, groups=None, refit=True, verbose=False, system=False, metrics=None, display=None, kwargs={})
2021-02-16 13:35:17,518:INFO:Checking exceptions
2021-02-16 13:35:17,519:INFO:Importing libraries
2021-02-16 13:35:17,519:INFO:Copying training dataset
2021-02-16 13:35:17,519:INFO:Defining folds
2021-02-16 13:35:17,520:INFO:Declaring metric variables
2021-02-16 13:35:17,520:INFO:Importing untrained model
2021-02-16 13:35:17,520:INFO:Declaring custom model
2021-02-16 13:35:17,521:INFO:Linear Discriminant Analysis Imported succesfully
2021-02-16 13:35:17,521:INFO:Cross validation set to False
2021-02-16 13:35:17,521:INFO:Fitting Model
2021-02-16 13:35:17,659:INFO:LinearDiscriminantAnalysis(n_components=None, priors=None, shrinkage=None,
                           solver='svd', store_covariance=False, tol=0.0001)
2021-02-16 13:35:17,660:INFO:create_models() succesfully completed......................................
2021-02-16 13:35:17,916:INFO:create_model_container: 14
2021-02-16 13:35:17,917:INFO:master_model_container: 14
2021-02-16 13:35:17,917:INFO:display_container: 2
2021-02-16 13:35:17,917:INFO:LinearDiscriminantAnalysis(n_components=None, priors=None, shrinkage=None,
                           solver='svd', store_covariance=False, tol=0.0001)
2021-02-16 13:35:17,918:INFO:compare_models() succesfully completed......................................
2021-02-16 13:35:17,931:INFO:Initializing create_model()
2021-02-16 13:35:17,932:INFO:create_model(estimator=dt, fold=None, round=4, cross_validation=True, predict=True, fit_kwargs=None, groups=None, refit=True, verbose=True, system=True, metrics=None, display=None, kwargs={})
2021-02-16 13:35:17,932:INFO:Checking exceptions
2021-02-16 13:35:17,932:INFO:Preparing display monitor
2021-02-16 13:35:17,970:INFO:Importing libraries
2021-02-16 13:35:17,970:INFO:Copying training dataset
2021-02-16 13:35:17,972:INFO:Defining folds
2021-02-16 13:35:17,973:INFO:Declaring metric variables
2021-02-16 13:35:17,991:INFO:Importing untrained model
2021-02-16 13:35:18,011:INFO:Decision Tree Classifier Imported succesfully
2021-02-16 13:35:18,047:INFO:Starting cross validation
2021-02-16 13:35:18,049:INFO:Cross validating with StratifiedKFold(n_splits=10, random_state=786, shuffle=False), n_jobs=-1
2021-02-16 13:35:18,240:INFO:Calculating mean and std
2021-02-16 13:35:18,241:INFO:Creating metrics dataframe
2021-02-16 13:35:18,269:INFO:Finalizing model
2021-02-16 13:35:18,284:INFO:Uploading results into container
2021-02-16 13:35:18,284:INFO:Uploading model into container now
2021-02-16 13:35:18,382:INFO:create_model_container: 15
2021-02-16 13:35:18,382:INFO:master_model_container: 15
2021-02-16 13:35:18,382:INFO:display_container: 3
2021-02-16 13:35:18,383:INFO:DecisionTreeClassifier(ccp_alpha=0.0, class_weight=None, criterion='gini',
                       max_depth=None, max_features=None, max_leaf_nodes=None,
                       min_impurity_decrease=0.0, min_impurity_split=None,
                       min_samples_leaf=1, min_samples_split=2,
                       min_weight_fraction_leaf=0.0, presort='deprecated',
                       random_state=786, splitter='best')
2021-02-16 13:35:18,383:INFO:create_model() succesfully completed......................................
2021-02-16 13:35:18,576:INFO:Initializing ensemble_model()
2021-02-16 13:35:18,577:INFO:ensemble_model(estimator=DecisionTreeClassifier(ccp_alpha=0.0, class_weight=None, criterion='gini',
                       max_depth=None, max_features=None, max_leaf_nodes=None,
                       min_impurity_decrease=0.0, min_impurity_split=None,
                       min_samples_leaf=1, min_samples_split=2,
                       min_weight_fraction_leaf=0.0, presort='deprecated',
                       random_state=786, splitter='best'), method=Bagging, fold=None, n_estimators=100, round=4, choose_better=False, optimize=Accuracy, fit_kwargs=None, groups=None, verbose=True, display=None)
2021-02-16 13:35:18,577:INFO:Checking exceptions
2021-02-16 13:35:18,581:INFO:Preparing display monitor
2021-02-16 13:35:18,621:INFO:Importing libraries
2021-02-16 13:35:18,621:INFO:Copying training dataset
2021-02-16 13:35:18,623:INFO:Checking base model
2021-02-16 13:35:18,623:INFO:Base model : Decision Tree Classifier
2021-02-16 13:35:18,652:INFO:Importing untrained ensembler
2021-02-16 13:35:18,653:INFO:Ensemble method set to Bagging
2021-02-16 13:35:18,654:INFO:SubProcess create_model() called ==================================
2021-02-16 13:35:18,656:INFO:Initializing create_model()
2021-02-16 13:35:18,656:INFO:create_model(estimator=BaggingClassifier(base_estimator=DecisionTreeClassifier(ccp_alpha=0.0,
                                                        class_weight=None,
                                                        criterion='gini',
                                                        max_depth=None,
                                                        max_features=None,
                                                        max_leaf_nodes=None,
                                                        min_impurity_decrease=0.0,
                                                        min_impurity_split=None,
                                                        min_samples_leaf=1,
                                                        min_samples_split=2,
                                                        min_weight_fraction_leaf=0.0,
                                                        presort='deprecated',
                                                        random_state=786,
                                                        splitter='best'),
                  bootstrap=True, bootstrap_features=False, max_features=1.0,
                  max_samples=1.0, n_estimators=100, n_jobs=None,
                  oob_score=False, random_state=786, verbose=0,
                  warm_start=False), fold=StratifiedKFold(n_splits=10, random_state=786, shuffle=False), round=4, cross_validation=True, predict=True, fit_kwargs={}, groups=None, refit=True, verbose=True, system=False, metrics=None, display=<pycaret.internal.Display.Display object at 0x0000015B13E17FC8>, kwargs={})
2021-02-16 13:35:18,656:INFO:Checking exceptions
2021-02-16 13:35:18,656:INFO:Importing libraries
2021-02-16 13:35:18,657:INFO:Copying training dataset
2021-02-16 13:35:18,658:INFO:Defining folds
2021-02-16 13:35:18,659:INFO:Declaring metric variables
2021-02-16 13:35:18,673:INFO:Importing untrained model
2021-02-16 13:35:18,674:INFO:Declaring custom model
2021-02-16 13:35:18,691:INFO:Decision Tree Classifier Imported succesfully
2021-02-16 13:35:18,720:INFO:Starting cross validation
2021-02-16 13:35:18,721:INFO:Cross validating with StratifiedKFold(n_splits=10, random_state=786, shuffle=False), n_jobs=-1
2021-02-16 13:35:23,072:INFO:Calculating mean and std
2021-02-16 13:35:23,074:INFO:Creating metrics dataframe
2021-02-16 13:35:23,091:INFO:Finalizing model
2021-02-16 13:35:23,907:INFO:Uploading results into container
2021-02-16 13:35:23,907:INFO:Uploading model into container now
2021-02-16 13:35:23,907:INFO:create_model_container: 16
2021-02-16 13:35:23,907:INFO:master_model_container: 16
2021-02-16 13:35:23,907:INFO:display_container: 4
2021-02-16 13:35:23,909:INFO:BaggingClassifier(base_estimator=DecisionTreeClassifier(ccp_alpha=0.0,
                                                        class_weight=None,
                                                        criterion='gini',
                                                        max_depth=None,
                                                        max_features=None,
                                                        max_leaf_nodes=None,
                                                        min_impurity_decrease=0.0,
                                                        min_impurity_split=None,
                                                        min_samples_leaf=1,
                                                        min_samples_split=2,
                                                        min_weight_fraction_leaf=0.0,
                                                        presort='deprecated',
                                                        random_state=786,
                                                        splitter='best'),
                  bootstrap=True, bootstrap_features=False, max_features=1.0,
                  max_samples=1.0, n_estimators=100, n_jobs=None,
                  oob_score=False, random_state=786, verbose=0,
                  warm_start=False)
2021-02-16 13:35:23,909:INFO:create_model() succesfully completed......................................
2021-02-16 13:35:24,020:INFO:SubProcess create_model() end ==================================
2021-02-16 13:35:24,072:INFO:create_model_container: 16
2021-02-16 13:35:24,072:INFO:master_model_container: 16
2021-02-16 13:35:24,073:INFO:display_container: 4
2021-02-16 13:35:24,076:INFO:BaggingClassifier(base_estimator=DecisionTreeClassifier(ccp_alpha=0.0,
                                                        class_weight=None,
                                                        criterion='gini',
                                                        max_depth=None,
                                                        max_features=None,
                                                        max_leaf_nodes=None,
                                                        min_impurity_decrease=0.0,
                                                        min_impurity_split=None,
                                                        min_samples_leaf=1,
                                                        min_samples_split=2,
                                                        min_weight_fraction_leaf=0.0,
                                                        presort='deprecated',
                                                        random_state=786,
                                                        splitter='best'),
                  bootstrap=True, bootstrap_features=False, max_features=1.0,
                  max_samples=1.0, n_estimators=100, n_jobs=None,
                  oob_score=False, random_state=786, verbose=0,
                  warm_start=False)
2021-02-16 13:35:24,076:INFO:ensemble_model() succesfully completed......................................
2021-02-16 13:35:24,222:INFO:Initializing plot_model()
2021-02-16 13:35:24,222:INFO:plot_model(plot=learning, fold=None, use_train_data=False, verbose=True, display=None, estimator=BaggingClassifier(base_estimator=DecisionTreeClassifier(ccp_alpha=0.0,
                                                        class_weight=None,
                                                        criterion='gini',
                                                        max_depth=None,
                                                        max_features=None,
                                                        max_leaf_nodes=None,
                                                        min_impurity_decrease=0.0,
                                                        min_impurity_split=None,
                                                        min_samples_leaf=1,
                                                        min_samples_split=2,
                                                        min_weight_fraction_leaf=0.0,
                                                        presort='deprecated',
                                                        random_state=786,
                                                        splitter='best'),
                  bootstrap=True, bootstrap_features=False, max_features=1.0,
                  max_samples=1.0, n_estimators=100, n_jobs=None,
                  oob_score=False, random_state=786, verbose=0,
                  warm_start=False), feature_name=None, fit_kwargs=None, groups=None, label=False, save=False, scale=1, system=True)
2021-02-16 13:35:24,222:INFO:Checking exceptions
2021-02-16 13:35:24,225:INFO:Preparing display monitor
2021-02-16 13:35:24,239:INFO:Preloading libraries
2021-02-16 13:35:24,270:INFO:Copying training dataset
2021-02-16 13:35:24,271:INFO:Copying test dataset
2021-02-16 13:35:24,272:INFO:Plot type: learning
2021-02-16 13:35:24,423:INFO:Fitting Model
2021-02-16 13:35:53,823:INFO:Visual Rendered Successfully
2021-02-16 13:35:53,956:INFO:plot_model() succesfully completed......................................
2021-02-16 13:35:53,978:INFO:Initializing create_model()
2021-02-16 13:35:53,978:INFO:create_model(estimator=svm, fold=None, round=4, cross_validation=True, predict=True, fit_kwargs=None, groups=None, refit=True, verbose=True, system=True, metrics=None, display=None, kwargs={})
2021-02-16 13:35:53,979:INFO:Checking exceptions
2021-02-16 13:35:53,980:INFO:Preparing display monitor
2021-02-16 13:35:54,021:INFO:Importing libraries
2021-02-16 13:35:54,021:INFO:Copying training dataset
2021-02-16 13:35:54,023:INFO:Defining folds
2021-02-16 13:35:54,024:INFO:Declaring metric variables
2021-02-16 13:35:54,048:INFO:Importing untrained model
2021-02-16 13:35:54,065:INFO:SVM - Linear Kernel Imported succesfully
2021-02-16 13:35:54,094:INFO:Starting cross validation
2021-02-16 13:35:54,095:INFO:Cross validating with StratifiedKFold(n_splits=10, random_state=786, shuffle=False), n_jobs=-1
2021-02-16 13:35:54,298:INFO:Calculating mean and std
2021-02-16 13:35:54,299:INFO:Creating metrics dataframe
2021-02-16 13:35:54,320:INFO:Finalizing model
2021-02-16 13:35:54,332:INFO:Uploading results into container
2021-02-16 13:35:54,332:INFO:Uploading model into container now
2021-02-16 13:35:54,399:INFO:create_model_container: 17
2021-02-16 13:35:54,399:INFO:master_model_container: 17
2021-02-16 13:35:54,399:INFO:display_container: 5
2021-02-16 13:35:54,404:INFO:SGDClassifier(alpha=0.0001, average=False, class_weight=None,
              early_stopping=False, epsilon=0.1, eta0=0.001, fit_intercept=True,
              l1_ratio=0.15, learning_rate='optimal', loss='hinge',
              max_iter=1000, n_iter_no_change=5, n_jobs=-1, penalty='l2',
              power_t=0.5, random_state=786, shuffle=True, tol=0.001,
              validation_fraction=0.1, verbose=0, warm_start=False)
2021-02-16 13:35:54,404:INFO:create_model() succesfully completed......................................
2021-02-16 13:35:54,549:INFO:Initializing tune_model()
2021-02-16 13:35:54,549:INFO:tune_model(estimator=SGDClassifier(alpha=0.0001, average=False, class_weight=None,
              early_stopping=False, epsilon=0.1, eta0=0.001, fit_intercept=True,
              l1_ratio=0.15, learning_rate='optimal', loss='hinge',
              max_iter=1000, n_iter_no_change=5, n_jobs=-1, penalty='l2',
              power_t=0.5, random_state=786, shuffle=True, tol=0.001,
              validation_fraction=0.1, verbose=0, warm_start=False), fold=5, round=4, n_iter=10, custom_grid=None, optimize=Accuracy, custom_scorer=None, search_library=scikit-learn, search_algorithm=None, early_stopping=False, early_stopping_max_iters=10, choose_better=False, fit_kwargs=None, groups=None, return_tuner=False, verbose=True, tuner_verbose=True, display=None, kwargs={})
2021-02-16 13:35:54,549:INFO:Checking exceptions
2021-02-16 13:35:54,551:INFO:Preparing display monitor
2021-02-16 13:35:54,587:INFO:Copying training dataset
2021-02-16 13:35:54,588:INFO:Checking base model
2021-02-16 13:35:54,589:INFO:Base model : SVM - Linear Kernel
2021-02-16 13:35:54,608:INFO:Declaring metric variables
2021-02-16 13:35:54,626:INFO:Defining Hyperparameters
2021-02-16 13:35:54,765:INFO:Tuning with n_jobs=-1
2021-02-16 13:35:54,765:INFO:Initializing RandomizedSearchCV
2021-02-16 13:35:55,245:INFO:best_params: {'actual_estimator__penalty': 'l1', 'actual_estimator__learning_rate': 'adaptive', 'actual_estimator__l1_ratio': 0.6100000001, 'actual_estimator__fit_intercept': True, 'actual_estimator__eta0': 0.5, 'actual_estimator__alpha': 0.01}
2021-02-16 13:35:55,246:INFO:Random search completed
2021-02-16 13:35:55,246:INFO:SubProcess create_model() called ==================================
2021-02-16 13:35:55,247:INFO:Initializing create_model()
2021-02-16 13:35:55,248:INFO:create_model(estimator=SGDClassifier(alpha=0.0001, average=False, class_weight=None,
              early_stopping=False, epsilon=0.1, eta0=0.001, fit_intercept=True,
              l1_ratio=0.15, learning_rate='optimal', loss='hinge',
              max_iter=1000, n_iter_no_change=5, n_jobs=-1, penalty='l2',
              power_t=0.5, random_state=786, shuffle=True, tol=0.001,
              validation_fraction=0.1, verbose=0, warm_start=False), fold=StratifiedKFold(n_splits=5, random_state=786, shuffle=False), round=4, cross_validation=True, predict=True, fit_kwargs={}, groups=None, refit=True, verbose=True, system=False, metrics=None, display=<pycaret.internal.Display.Display object at 0x0000015B1414EEC8>, kwargs={'penalty': 'l1', 'learning_rate': 'adaptive', 'l1_ratio': 0.6100000001, 'fit_intercept': True, 'eta0': 0.5, 'alpha': 0.01})
2021-02-16 13:35:55,248:INFO:Checking exceptions
2021-02-16 13:35:55,248:INFO:Importing libraries
2021-02-16 13:35:55,248:INFO:Copying training dataset
2021-02-16 13:35:55,250:INFO:Defining folds
2021-02-16 13:35:55,250:INFO:Declaring metric variables
2021-02-16 13:35:55,265:INFO:Importing untrained model
2021-02-16 13:35:55,266:INFO:Declaring custom model
2021-02-16 13:35:55,283:INFO:SVM - Linear Kernel Imported succesfully
2021-02-16 13:35:55,320:INFO:Starting cross validation
2021-02-16 13:35:55,321:INFO:Cross validating with StratifiedKFold(n_splits=5, random_state=786, shuffle=False), n_jobs=-1
2021-02-16 13:35:55,476:INFO:Calculating mean and std
2021-02-16 13:35:55,480:INFO:Creating metrics dataframe
2021-02-16 13:35:55,499:INFO:Finalizing model
2021-02-16 13:35:55,536:INFO:Uploading results into container
2021-02-16 13:35:55,537:INFO:Uploading model into container now
2021-02-16 13:35:55,537:INFO:create_model_container: 18
2021-02-16 13:35:55,537:INFO:master_model_container: 18
2021-02-16 13:35:55,537:INFO:display_container: 6
2021-02-16 13:35:55,538:INFO:SGDClassifier(alpha=0.01, average=False, class_weight=None,
              early_stopping=False, epsilon=0.1, eta0=0.5, fit_intercept=True,
              l1_ratio=0.6100000001, learning_rate='adaptive', loss='hinge',
              max_iter=1000, n_iter_no_change=5, n_jobs=-1, penalty='l1',
              power_t=0.5, random_state=786, shuffle=True, tol=0.001,
              validation_fraction=0.1, verbose=0, warm_start=False)
2021-02-16 13:35:55,538:INFO:create_model() succesfully completed......................................
2021-02-16 13:35:55,662:INFO:SubProcess create_model() end ==================================
2021-02-16 13:35:55,695:INFO:create_model_container: 18
2021-02-16 13:35:55,696:INFO:master_model_container: 18
2021-02-16 13:35:55,696:INFO:display_container: 6
2021-02-16 13:35:55,698:INFO:SGDClassifier(alpha=0.01, average=False, class_weight=None,
              early_stopping=False, epsilon=0.1, eta0=0.5, fit_intercept=True,
              l1_ratio=0.6100000001, learning_rate='adaptive', loss='hinge',
              max_iter=1000, n_iter_no_change=5, n_jobs=-1, penalty='l1',
              power_t=0.5, random_state=786, shuffle=True, tol=0.001,
              validation_fraction=0.1, verbose=0, warm_start=False)
2021-02-16 13:35:55,698:INFO:tune_model() succesfully completed......................................
2021-02-16 13:35:55,854:INFO:Initializing plot_model()
2021-02-16 13:35:55,854:INFO:plot_model(plot=learning, fold=None, use_train_data=False, verbose=True, display=None, estimator=SGDClassifier(alpha=0.0001, average=False, class_weight=None,
              early_stopping=False, epsilon=0.1, eta0=0.001, fit_intercept=True,
              l1_ratio=0.15, learning_rate='optimal', loss='hinge',
              max_iter=1000, n_iter_no_change=5, n_jobs=-1, penalty='l2',
              power_t=0.5, random_state=786, shuffle=True, tol=0.001,
              validation_fraction=0.1, verbose=0, warm_start=False), feature_name=None, fit_kwargs=None, groups=None, label=False, save=False, scale=1, system=True)
2021-02-16 13:35:55,855:INFO:Checking exceptions
2021-02-16 13:35:55,857:INFO:Preparing display monitor
2021-02-16 13:35:55,873:INFO:Preloading libraries
2021-02-16 13:35:55,878:INFO:Copying training dataset
2021-02-16 13:35:55,879:INFO:Copying test dataset
2021-02-16 13:35:55,881:INFO:Plot type: learning
2021-02-16 13:35:55,911:INFO:Fitting Model
2021-02-16 13:35:57,014:INFO:Visual Rendered Successfully
2021-02-16 13:35:57,134:INFO:plot_model() succesfully completed......................................
2021-02-16 13:35:57,141:INFO:Initializing automl()
2021-02-16 13:35:57,142:INFO:automl(optimize=Accuracy, use_holdout=False)
2021-02-16 13:35:57,147:INFO:Model Selection Basis : CV Results on Training set
2021-02-16 13:35:57,152:INFO:Initializing create_model()
2021-02-16 13:35:57,152:INFO:create_model(estimator=LinearDiscriminantAnalysis(n_components=None, priors=None, shrinkage=None,
                           solver='svd', store_covariance=False, tol=0.0001), fold=None, round=4, cross_validation=False, predict=False, fit_kwargs=None, groups=None, refit=True, verbose=False, system=False, metrics=None, display=None, kwargs={})
2021-02-16 13:35:57,152:INFO:Checking exceptions
2021-02-16 13:35:57,152:INFO:Importing libraries
2021-02-16 13:35:57,153:INFO:Copying training dataset
2021-02-16 13:35:57,154:INFO:Defining folds
2021-02-16 13:35:57,154:INFO:Declaring metric variables
2021-02-16 13:35:57,154:INFO:Importing untrained model
2021-02-16 13:35:57,154:INFO:Declaring custom model
2021-02-16 13:35:57,155:INFO:Linear Discriminant Analysis Imported succesfully
2021-02-16 13:35:57,156:INFO:Cross validation set to False
2021-02-16 13:35:57,156:INFO:Fitting Model
2021-02-16 13:35:57,179:INFO:LinearDiscriminantAnalysis(n_components=None, priors=None, shrinkage=None,
                           solver='svd', store_covariance=False, tol=0.0001)
2021-02-16 13:35:57,180:INFO:create_models() succesfully completed......................................
2021-02-16 13:35:57,301:INFO:LinearDiscriminantAnalysis(n_components=None, priors=None, shrinkage=None,
                           solver='svd', store_covariance=False, tol=0.0001)
2021-02-16 13:35:57,301:INFO:automl() succesfully completed......................................
